Arguments: 
  /usr/local/Cellar/node@16/16.13.1_1/bin/node /usr/local/bin/yarn

PATH: 
  /usr/local/opt/node@16/bin:/Users/ruslan/Library/Android/sdk/platform-tools:/usr/local/bin:/usr/bin:/bin:/usr/sbin:/sbin:/usr/local/go/bin:/usr/local/share/dotnet:~/.dotnet/tools:/Library/Apple/usr/bin:/Users/ruslan/Library/Android/sdk/platform-tools

Yarn version: 
  1.22.10

Node version: 
  16.13.1

Platform: 
  darwin x64

Trace: 
  SyntaxError: /Users/ruslan/token/ipp/package.json: Unexpected string in JSON at position 1554
      at JSON.parse (<anonymous>)
      at /usr/local/lib/node_modules/yarn/lib/cli.js:1625:59
      at Generator.next (<anonymous>)
      at step (/usr/local/lib/node_modules/yarn/lib/cli.js:310:30)
      at /usr/local/lib/node_modules/yarn/lib/cli.js:321:13

npm manifest: 
  {
    "name": "inbio-gatsby",
    "version": "1.0.0",
    "private": true,
    "description": "inbio-gatsby",
    "author": "Rainbow IT",
    "keywords": [
      "gatsby"
    ],
    "scripts": {
      "develop": "gatsby develop",
      "start": "gatsby develop",
      "build": "gatsby build",
      "serve": "gatsby serve",
      "clean": "gatsby clean",
      "build:prefix": "gatsby build --prefix-paths",
      "serve:prefix": "gatsby serve --prefix-paths",
      "format": "prettier --write \"**/*.{js,jsx,,json,md}\"",
      "lint": "eslint --ignore-path .gitignore . --ext js --ext jsx",
      "lint:fix": "npm run format & npm run lint --fix"
    },
    "dependencies": {
      "aos": "^2.3.4",
      "axios": "^0.24.0",
      "bootstrap": "4.5.3",
      "classnames": "^2.3.1",
      "disqus-react": "^1.1.2",
      "gatsby": "^4.0.2",
      "gatsby-plugin-image": "^2.0.0",
      "gatsby-plugin-manifest": "^4.0.0",
      "gatsby-plugin-react-helmet": "^5.0.0",
      "gatsby-plugin-sass": "^5.0.0",
      "gatsby-plugin-sharp": "^4.0.1",
      "gatsby-plugin-sitemap": "^5.0.0",
      "gatsby-remark-images": "^6.0.0",
      "gatsby-remark-reading-time": "^1.1.0",
      "gatsby-source-filesystem": "^4.0.0",
      "gatsby-transformer-json": "^4.0.0",
      "gatsby-transformer-remark": "^5.0.0",
      "gatsby-transformer-sharp": "^4.0.0",
      "react": "^17.0.2",
      "react-bootstrap": "^1.6.3",
      "react-dom": "^17.0.2",
      "react-feather": "^2.0.9",
      "react-helmet": "^6.1.0",
      "react-hook-form": "^7.18.0",
      "react-modal-video": "^1.2.8",
      "react-parallax": "^3.3.0",
      "tsparticles": "^1.34.0"
      "react-scroll": "^1.8.4",
      "react-slick": "^0.28.1",
      "react-typed": "^1.2.0",
      "react-visibility-sensor": "^5.1.1",
      "resolve-url-loader": "^4.0.0",
      "sass": "^1.43.4",
      "wowjs": "^1.1.3"
    },
    "devDependencies": {
      "babel-eslint": "10.1.0",
      "eslint": "7.32.0",
      "eslint-config-prettier": "8.3.0",
      "eslint-plugin-import": "2.24.2",
      "eslint-plugin-jsx-a11y": "6.4.1",
      "eslint-plugin-prettier": "3.4.1",
      "eslint-plugin-react": "7.24.0",
      "eslint-plugin-react-hooks": "4.2.0",
      "prettier": "2.3.2",
      "prop-types": "^15.7.2",
      "tsparticles": "^1.34.0"
    }
  }

yarn manifest: 
  No manifest

Lockfile: 
  No lockfile
